<?xml version="1.0" encoding="UTF-8"?>
<testng-results skipped="0" failed="0" ignored="0" total="1" passed="1">
  <reporter-output>
  </reporter-output>
  <suite name="Suite" duration-ms="2003" started-at="2019-10-10T13:25:29Z" finished-at="2019-10-10T13:25:31Z">
    <groups>
    </groups>
    <test name="Default test" duration-ms="2003" started-at="2019-10-10T13:25:29Z" finished-at="2019-10-10T13:25:31Z">
      <class name="RestUtils.Generic1">
        <test-method status="PASS" signature="GetM()[pri:0, instance:RestUtils.Generic1@598067a5]" name="GetM" duration-ms="1983" started-at="2019-10-10T13:25:29Z" finished-at="2019-10-10T13:25:31Z">
          <reporter-output>
          </reporter-output>
        </test-method> <!-- GetM -->
      </class> <!-- RestUtils.Generic1 -->
    </test> <!-- Default test -->
  </suite> <!-- Suite -->
</testng-results>
